[09-Apr-2023 06:48:58 UTC] PHP Warning:  Undefined property: WP_Ajax_Upgrader_Skin::$api in C:\Users\ASUS\Local Sites\creativestudents0\app\public\wp-admin\includes\class-theme-upgrader.php on line 160
[09-Apr-2023 07:11:11 UTC] Sync process for Gutenberg Blocks has started.
[09-Apr-2023 07:11:11 UTC] CATEGORY:Importing categories..
[09-Apr-2023 07:11:11 UTC] CATEGORY:Storing in option ast-block-templates-categories
[09-Apr-2023 07:11:11 UTC] CATEGORY:Completed category import.
[09-Apr-2023 07:11:11 UTC] BLOCK: Getting Total Blocks
[09-Apr-2023 07:11:11 UTC] BLOCK: https://websitedemos.net/wp-json/astra-blocks/v1/get-blocks-count/?page_builder=gutenberg&wireframe=yes
[09-Apr-2023 07:11:11 UTC] BLOCK: Requests count 4
[09-Apr-2023 07:11:11 UTC] BLOCK: Importing request 1 ..
[09-Apr-2023 07:11:11 UTC] BLOCK: https://websitedemos.net/wp-json/astra-blocks/v1/blocks/?page_builder=gutenberg&per_page=100&page=1&wireframe=yes
[09-Apr-2023 07:11:11 UTC] BLOCK: Storing in option ast-block-templates-blocks-1
[09-Apr-2023 07:11:11 UTC] BLOCK: Completed request 1
[09-Apr-2023 07:11:11 UTC] BLOCK: Importing request 2 ..
[09-Apr-2023 07:11:11 UTC] BLOCK: https://websitedemos.net/wp-json/astra-blocks/v1/blocks/?page_builder=gutenberg&per_page=100&page=2&wireframe=yes
[09-Apr-2023 07:11:12 UTC] BLOCK: Storing in option ast-block-templates-blocks-2
[09-Apr-2023 07:11:12 UTC] BLOCK: Completed request 2
[09-Apr-2023 07:11:12 UTC] BLOCK: Importing request 3 ..
[09-Apr-2023 07:11:12 UTC] BLOCK: https://websitedemos.net/wp-json/astra-blocks/v1/blocks/?page_builder=gutenberg&per_page=100&page=3&wireframe=yes
[09-Apr-2023 07:11:12 UTC] BLOCK: Storing in option ast-block-templates-blocks-3
[09-Apr-2023 07:11:12 UTC] BLOCK: Completed request 3
[09-Apr-2023 07:11:12 UTC] BLOCK: Importing request 4 ..
[09-Apr-2023 07:11:12 UTC] BLOCK: https://websitedemos.net/wp-json/astra-blocks/v1/blocks/?page_builder=gutenberg&per_page=100&page=4&wireframe=yes
[09-Apr-2023 07:11:12 UTC] BLOCK: Storing in option ast-block-templates-blocks-4
[09-Apr-2023 07:11:12 UTC] BLOCK: Completed request 4
[09-Apr-2023 07:11:12 UTC] SITE: Getting Total Sites
[09-Apr-2023 07:11:12 UTC] SITE: https://websitedemos.net/wp-json/astra-sites/v1/get-total-pages/?page_builder=gutenberg
[09-Apr-2023 07:11:12 UTC] SITE: Request count 2
[09-Apr-2023 07:11:12 UTC] SITE: Importing request 1 ..
[09-Apr-2023 07:11:12 UTC] SITE: https://websitedemos.net/wp-json/astra-sites/v1/sites-and-pages/?per_page=100&page=1&page-builder=gutenberg
[09-Apr-2023 07:11:12 UTC] SITE: Storing in option ast-block-templates-sites-1
[09-Apr-2023 07:11:12 UTC] SITE: Completed request 1
[09-Apr-2023 07:11:12 UTC] SITE: Importing request 2 ..
[09-Apr-2023 07:11:12 UTC] SITE: https://websitedemos.net/wp-json/astra-sites/v1/sites-and-pages/?per_page=100&page=2&page-builder=gutenberg
[09-Apr-2023 07:11:13 UTC] SITE: Storing in option ast-block-templates-sites-2
[09-Apr-2023 07:11:13 UTC] SITE: Completed request 2
[09-Apr-2023 07:11:13 UTC] Sync process for Gutenberg Blocks is done.
[09-Apr-2023 07:24:44 UTC] PHP Warning:  Attempt to read property "title" on null in C:\Users\ASUS\Local Sites\creativestudents0\app\public\wp-includes\class-wp-customize-widgets.php on line 905
[09-Apr-2023 07:26:52 UTC] PHP Warning:  Attempt to read property "title" on null in C:\Users\ASUS\Local Sites\creativestudents0\app\public\wp-includes\class-wp-customize-widgets.php on line 905
[09-Apr-2023 07:49:07 UTC] PHP Warning:  Attempt to read property "title" on null in C:\Users\ASUS\Local Sites\creativestudents0\app\public\wp-includes\class-wp-customize-widgets.php on line 905
